TN:
SF:/home/jannah/Della/server_trashsure/app.js
FN:22,(anonymous_0)
FNF:1
FNH:1
FNDA:1,(anonymous_0)
DA:1,1
DA:2,1
DA:3,1
DA:4,1
DA:5,1
DA:6,1
DA:8,1
DA:9,1
DA:12,1
DA:14,1
DA:15,1
DA:16,1
DA:19,1
DA:20,1
DA:22,1
DA:23,1
LF:16
LH:16
BRF:0
BRH:0
end_of_record
TN:
SF:/home/jannah/Della/server_trashsure/controllers/trashCtrl.js
FN:5,(anonymous_0)
FN:10,(anonymous_1)
FN:13,(anonymous_2)
FN:16,(anonymous_3)
FN:27,(anonymous_4)
FN:29,(anonymous_5)
FN:32,(anonymous_6)
FN:74,(anonymous_7)
FN:76,(anonymous_8)
FN:80,(anonymous_9)
FNF:10
FNH:7
FNDA:1,(anonymous_0)
FNDA:1,(anonymous_1)
FNDA:1,(anonymous_2)
FNDA:0,(anonymous_3)
FNDA:1,(anonymous_4)
FNDA:1,(anonymous_5)
FNDA:0,(anonymous_6)
FNDA:1,(anonymous_7)
FNDA:1,(anonymous_8)
FNDA:0,(anonymous_9)
DA:1,1
DA:2,1
DA:6,1
DA:7,1
DA:9,1
DA:11,1
DA:14,1
DA:17,0
DA:18,0
DA:22,0
DA:28,1
DA:30,1
DA:33,0
DA:34,0
DA:38,0
DA:75,1
DA:77,1
DA:78,0
DA:81,0
DA:82,0
DA:85,0
DA:86,0
DA:90,0
DA:96,1
LF:24
LH:12
BRDA:7,0,0,1
BRDA:7,0,1,0
BRDA:17,1,0,0
BRDA:17,1,1,0
BRDA:33,2,0,0
BRDA:33,2,1,0
BRDA:77,3,0,1
BRDA:77,3,1,0
BRDA:81,4,0,0
BRDA:81,4,1,0
BRDA:85,5,0,0
BRDA:85,5,1,0
BRF:12
BRH:2
end_of_record
TN:
SF:/home/jannah/Della/server_trashsure/controllers/userCtrl.js
FN:7,(anonymous_0)
FN:9,(anonymous_1)
FN:12,(anonymous_2)
FN:23,(anonymous_3)
FN:26,(anonymous_4)
FN:38,(anonymous_5)
FNF:6
FNH:4
FNDA:1,(anonymous_0)
FNDA:1,(anonymous_1)
FNDA:0,(anonymous_2)
FNDA:2,(anonymous_3)
FNDA:2,(anonymous_4)
FNDA:0,(anonymous_5)
DA:1,1
DA:2,1
DA:3,1
DA:4,1
DA:8,1
DA:10,1
DA:13,0
DA:14,0
DA:18,0
DA:24,2
DA:25,2
DA:27,2
DA:28,2
DA:29,2
DA:30,2
DA:31,2
DA:33,0
DA:35,0
DA:39,0
DA:40,0
DA:44,0
DA:45,0
DA:49,0
DA:55,1
LF:24
LH:14
BRDA:13,0,0,0
BRDA:13,0,1,0
BRDA:27,1,0,2
BRDA:27,1,1,0
BRDA:28,2,0,2
BRDA:28,2,1,0
BRDA:39,3,0,0
BRDA:39,3,1,0
BRDA:44,4,0,0
BRDA:44,4,1,0
BRF:10
BRH:2
end_of_record
TN:
SF:/home/jannah/Della/server_trashsure/helpers/bcrypt.js
FN:3,(anonymous_0)
FN:4,(anonymous_1)
FNF:2
FNH:2
FNDA:2,(anonymous_0)
FNDA:1,(anonymous_1)
DA:1,1
DA:2,1
DA:3,2
DA:4,1
LF:4
LH:4
BRF:0
BRH:0
end_of_record
TN:
SF:/home/jannah/Della/server_trashsure/helpers/getError.js
FN:1,(anonymous_0)
FN:2,(anonymous_1)
FNF:2
FNH:0
FNDA:0,(anonymous_0)
FNDA:0,(anonymous_1)
DA:1,1
DA:2,0
LF:2
LH:1
BRF:0
BRH:0
end_of_record
TN:
SF:/home/jannah/Della/server_trashsure/helpers/uploadGCP.js
FN:15,(anonymous_0)
FN:20,(anonymous_1)
FN:34,(anonymous_2)
FN:41,(anonymous_3)
FN:44,(anonymous_4)
FNF:5
FNH:4
FNDA:1,(anonymous_0)
FNDA:1,(anonymous_1)
FNDA:0,(anonymous_2)
FNDA:1,(anonymous_3)
FNDA:1,(anonymous_4)
DA:2,1
DA:4,1
DA:6,1
DA:8,1
DA:13,1
DA:15,1
DA:17,1
DA:20,1
DA:21,1
DA:22,0
DA:25,1
DA:26,1
DA:28,1
DA:34,1
DA:35,0
DA:36,0
DA:37,0
DA:38,0
DA:41,1
DA:43,1
DA:44,1
DA:46,1
DA:47,0
DA:49,1
DA:50,1
DA:54,1
DA:57,1
DA:58,1
DA:65,1
LF:29
LH:23
BRDA:21,0,0,0
BRDA:21,0,1,1
BRDA:46,1,0,0
BRDA:46,1,1,1
BRF:4
BRH:2
end_of_record
TN:
SF:/home/jannah/Della/server_trashsure/middlewares/auth.js
FN:3,(anonymous_0)
FN:18,(anonymous_1)
FNF:2
FNH:1
FNDA:3,(anonymous_0)
FNDA:0,(anonymous_1)
DA:1,1
DA:2,1
DA:4,3
DA:5,3
DA:6,3
DA:7,3
DA:10,0
DA:13,0
DA:19,0
DA:20,0
DA:21,0
DA:23,0
DA:26,0
LF:13
LH:6
BRDA:4,0,0,3
BRDA:4,0,1,0
BRDA:19,1,0,0
BRDA:19,1,1,0
BRDA:21,2,0,0
BRDA:21,2,1,0
BRF:6
BRH:1
end_of_record
TN:
SF:/home/jannah/Della/server_trashsure/models/trash.js
FNF:0
FNH:0
DA:1,1
DA:2,1
DA:4,1
DA:15,1
DA:17,1
LF:5
LH:5
BRF:0
BRH:0
end_of_record
TN:
SF:/home/jannah/Della/server_trashsure/models/user.js
FN:15,(anonymous_0)
FN:22,(anonymous_1)
FN:24,(anonymous_2)
FN:29,(anonymous_3)
FN:43,(anonymous_4)
FNF:5
FNH:4
FNDA:1,(anonymous_0)
FNDA:1,(anonymous_1)
FNDA:1,(anonymous_2)
FNDA:0,(anonymous_3)
FNDA:1,(anonymous_4)
DA:1,1
DA:2,1
DA:3,1
DA:5,1
DA:16,1
DA:17,1
DA:23,1
DA:25,1
DA:26,0
DA:30,0
DA:43,1
DA:44,1
DA:45,1
DA:48,1
DA:50,1
LF:15
LH:13
BRDA:25,0,0,0
BRDA:25,0,1,1
BRF:2
BRH:1
end_of_record
TN:
SF:/home/jannah/Della/server_trashsure/routers/trashRoute.js
FNF:0
FNH:0
DA:1,1
DA:2,1
DA:3,1
DA:4,1
DA:9,1
DA:10,1
DA:11,1
DA:13,1
DA:15,1
LF:9
LH:9
BRF:0
BRH:0
end_of_record
TN:
SF:/home/jannah/Della/server_trashsure/routers/userRoute.js
FNF:0
FNH:0
DA:1,1
DA:2,1
DA:7,1
DA:8,1
DA:10,1
LF:5
LH:5
BRF:0
BRH:0
end_of_record
